<?xml version="1.0" encoding="UTF-8"?>
<coverage generated="1776697635631" clover="3.2.0">
  <project timestamp="1776697635631" name="All files">
    <metrics statements="62" coveredstatements="59" conditionals="30" coveredconditionals="28" methods="7" coveredmethods="7" elements="99" coveredelements="94" complexity="0" loc="62" ncloc="62" packages="3" files="3" classes="3"/>
    <package name="app.api.clients.[clientId].tracking">
      <metrics statements="29" coveredstatements="26" conditionals="18" coveredconditionals="17" methods="2" coveredmethods="2"/>
      <file name="route.ts" path="/Users/jdiaz/personal-dev/fitmetrik-web/src/app/api/clients/[clientId]/tracking/route.ts">
        <metrics statements="29" coveredstatements="26" conditionals="18" coveredconditionals="17" methods="2" coveredmethods="2"/>
        <line num="6" count="1" type="stmt"/>
        <line num="13" count="8" type="cond" truecount="2" falsecount="0"/>
        <line num="21" count="11" type="stmt"/>
        <line num="22" count="11" type="stmt"/>
        <line num="23" count="11" type="stmt"/>
        <line num="26" count="11" type="cond" truecount="2" falsecount="0"/>
        <line num="27" count="1" type="stmt"/>
        <line num="34" count="10" type="stmt"/>
        <line num="35" count="10" type="cond" truecount="2" falsecount="0"/>
        <line num="36" count="1" type="stmt"/>
        <line num="43" count="9" type="stmt"/>
        <line num="44" count="9" type="stmt"/>
        <line num="46" count="9" type="cond" truecount="2" falsecount="0"/>
        <line num="47" count="4" type="stmt"/>
        <line num="53" count="5" type="stmt"/>
        <line num="54" count="5" type="stmt"/>
        <line num="57" count="5" type="cond" truecount="2" falsecount="0"/>
        <line num="58" count="4" type="stmt"/>
        <line num="64" count="4" type="cond" truecount="2" falsecount="0"/>
        <line num="65" count="1" type="stmt"/>
        <line num="67" count="3" type="stmt"/>
        <line num="70" count="4" type="cond" truecount="2" falsecount="0"/>
        <line num="71" count="2" type="stmt"/>
        <line num="77" count="2" type="cond" truecount="1" falsecount="1"/>
        <line num="78" count="0" type="stmt"/>
        <line num="80" count="2" type="stmt"/>
        <line num="83" count="4" type="stmt"/>
        <line num="96" count="0" type="stmt"/>
        <line num="97" count="0" type="stmt"/>
      </file>
    </package>
    <package name="domain.services">
      <metrics statements="32" coveredstatements="32" conditionals="12" coveredconditionals="11" methods="5" coveredmethods="5"/>
      <file name="weightAverageService.ts" path="/Users/jdiaz/personal-dev/fitmetrik-web/src/domain/services/weightAverageService.ts">
        <metrics statements="32" coveredstatements="32" conditionals="12" coveredconditionals="11" methods="5" coveredmethods="5"/>
        <line num="8" count="49" type="stmt"/>
        <line num="12" count="35" type="stmt"/>
        <line num="13" count="35" type="stmt"/>
        <line num="14" count="35" type="stmt"/>
        <line num="31" count="6" type="cond" truecount="2" falsecount="0"/>
        <line num="34" count="5" type="stmt"/>
        <line num="35" count="5" type="stmt"/>
        <line num="36" count="14" type="stmt"/>
        <line num="37" count="14" type="stmt"/>
        <line num="41" count="5" type="stmt"/>
        <line num="42" count="5" type="stmt"/>
        <line num="43" count="5" type="stmt"/>
        <line num="50" count="5" type="stmt"/>
        <line num="58" count="5" type="stmt"/>
        <line num="59" count="35" type="stmt"/>
        <line num="60" count="35" type="cond" truecount="2" falsecount="0"/>
        <line num="61" count="12" type="stmt"/>
        <line num="63" count="35" type="stmt"/>
        <line num="64" count="35" type="stmt"/>
        <line num="67" count="5" type="cond" truecount="1" falsecount="1"/>
        <line num="69" count="35" type="stmt"/>
        <line num="70" count="5" type="stmt"/>
        <line num="84" count="3" type="cond" truecount="2" falsecount="0"/>
        <line num="85" count="1" type="stmt"/>
        <line num="88" count="2" type="stmt"/>
        <line num="89" count="2" type="stmt"/>
        <line num="90" count="2" type="stmt"/>
        <line num="92" count="2" type="stmt"/>
        <line num="93" count="4" type="cond" truecount="2" falsecount="0"/>
        <line num="94" count="4" type="cond" truecount="2" falsecount="0"/>
        <line num="95" count="4" type="stmt"/>
        <line num="98" count="2" type="stmt"/>
      </file>
    </package>
    <package name="domain.types">
      <metrics statements="1" coveredstatements="1" conditionals="0" coveredconditionals="0" methods="0" coveredmethods="0"/>
      <file name="DailyWeight.ts" path="/Users/jdiaz/personal-dev/fitmetrik-web/src/domain/types/DailyWeight.ts">
        <metrics statements="1" coveredstatements="1" conditionals="0" coveredconditionals="0" methods="0" coveredmethods="0"/>
        <line num="3" count="1" type="stmt"/>
      </file>
    </package>
  </project>
</coverage>
