{"/Users/jdiaz/personal-dev/fitmetrik-web/src/app/api/clients/[clientId]/tracking/route.ts": {"path":"/Users/jdiaz/personal-dev/fitmetrik-web/src/app/api/clients/[clientId]/tracking/route.ts","statementMap":{"0":{"start":{"line":6,"column":28},"end":{"line":15,"column":4}},"1":{"start":{"line":13,"column":20},"end":{"line":13,"column":75}},"2":{"start":{"line":21,"column":2},"end":{"line":97,"column":null}},"3":{"start":{"line":22,"column":25},"end":{"line":22,"column":null}},"4":{"start":{"line":23,"column":19},"end":{"line":23,"column":51}},"5":{"start":{"line":26,"column":4},"end":{"line":30,"column":null}},"6":{"start":{"line":27,"column":6},"end":{"line":30,"column":null}},"7":{"start":{"line":34,"column":20},"end":{"line":34,"column":58}},"8":{"start":{"line":35,"column":4},"end":{"line":39,"column":null}},"9":{"start":{"line":36,"column":6},"end":{"line":39,"column":null}},"10":{"start":{"line":43,"column":17},"end":{"line":43,"column":37}},"11":{"start":{"line":44,"column":19},"end":{"line":44,"column":54}},"12":{"start":{"line":46,"column":4},"end":{"line":50,"column":null}},"13":{"start":{"line":47,"column":6},"end":{"line":50,"column":null}},"14":{"start":{"line":53,"column":18},"end":{"line":53,"column":null}},"15":{"start":{"line":54,"column":59},"end":{"line":54,"column":61}},"16":{"start":{"line":57,"column":4},"end":{"line":67,"column":null}},"17":{"start":{"line":58,"column":26},"end":{"line":62,"column":null}},"18":{"start":{"line":64,"column":6},"end":{"line":65,"column":null}},"19":{"start":{"line":65,"column":8},"end":{"line":65,"column":null}},"20":{"start":{"line":67,"column":6},"end":{"line":67,"column":null}},"21":{"start":{"line":70,"column":4},"end":{"line":80,"column":null}},"22":{"start":{"line":71,"column":27},"end":{"line":75,"column":null}},"23":{"start":{"line":77,"column":6},"end":{"line":78,"column":null}},"24":{"start":{"line":78,"column":8},"end":{"line":78,"column":null}},"25":{"start":{"line":80,"column":6},"end":{"line":80,"column":null}},"26":{"start":{"line":83,"column":4},"end":{"line":94,"column":null}},"27":{"start":{"line":96,"column":4},"end":{"line":96,"column":null}},"28":{"start":{"line":97,"column":4},"end":{"line":97,"column":null}}},"fnMap":{"0":{"name":"(anonymous_0)","decl":{"start":{"line":13,"column":3},"end":{"line":13,"column":11}},"loc":{"start":{"line":13,"column":20},"end":{"line":13,"column":75}},"line":13},"1":{"name":"POST","decl":{"start":{"line":17,"column":22},"end":{"line":17,"column":null}},"loc":{"start":{"line":20,"column":2},"end":{"line":97,"column":null}},"line":20}},"branchMap":{"0":{"loc":{"start":{"line":13,"column":20},"end":{"line":13,"column":75}},"type":"binary-expr","locations":[{"start":{"line":13,"column":20},"end":{"line":13,"column":48}},{"start":{"line":13,"column":48},"end":{"line":13,"column":75}}],"line":13},"1":{"loc":{"start":{"line":26,"column":4},"end":{"line":30,"column":null}},"type":"if","locations":[{"start":{"line":26,"column":4},"end":{"line":30,"column":null}},{"start":{},"end":{}}],"line":26},"2":{"loc":{"start":{"line":35,"column":4},"end":{"line":39,"column":null}},"type":"if","locations":[{"start":{"line":35,"column":4},"end":{"line":39,"column":null}},{"start":{},"end":{}}],"line":35},"3":{"loc":{"start":{"line":46,"column":4},"end":{"line":50,"column":null}},"type":"if","locations":[{"start":{"line":46,"column":4},"end":{"line":50,"column":null}},{"start":{},"end":{}}],"line":46},"4":{"loc":{"start":{"line":57,"column":4},"end":{"line":67,"column":null}},"type":"if","locations":[{"start":{"line":57,"column":4},"end":{"line":67,"column":null}},{"start":{},"end":{}}],"line":57},"5":{"loc":{"start":{"line":64,"column":6},"end":{"line":65,"column":null}},"type":"if","locations":[{"start":{"line":64,"column":6},"end":{"line":65,"column":null}},{"start":{},"end":{}}],"line":64},"6":{"loc":{"start":{"line":70,"column":4},"end":{"line":80,"column":null}},"type":"if","locations":[{"start":{"line":70,"column":4},"end":{"line":80,"column":null}},{"start":{},"end":{}}],"line":70},"7":{"loc":{"start":{"line":77,"column":6},"end":{"line":78,"column":null}},"type":"if","locations":[{"start":{"line":77,"column":6},"end":{"line":78,"column":null}},{"start":{},"end":{}}],"line":77},"8":{"loc":{"start":{"line":90,"column":14},"end":{"line":90,"column":null}},"type":"cond-expr","locations":[{"start":{"line":90,"column":28},"end":{"line":90,"column":50}},{"start":{"line":90,"column":53},"end":{"line":90,"column":null}}],"line":90}},"s":{"0":1,"1":8,"2":11,"3":11,"4":11,"5":11,"6":1,"7":10,"8":10,"9":1,"10":9,"11":9,"12":9,"13":4,"14":5,"15":5,"16":5,"17":4,"18":4,"19":1,"20":3,"21":4,"22":2,"23":2,"24":0,"25":2,"26":4,"27":0,"28":0},"f":{"0":8,"1":11},"b":{"0":[8,3],"1":[1,10],"2":[1,9],"3":[4,5],"4":[4,1],"5":[1,3],"6":[2,2],"7":[0,2],"8":[1,3]},"meta":{"lastBranch":9,"lastFunction":2,"lastStatement":29,"seen":{"s:6:28:15:4":0,"f:13:3:13:11":0,"s:13:20:13:75":1,"b:13:20:13:48:13:48:13:75":0,"f:17:22:17:Infinity":1,"s:21:2:97:Infinity":2,"s:22:25:22:Infinity":3,"s:23:19:23:51":4,"b:26:4:30:Infinity:undefined:undefined:undefined:undefined":1,"s:26:4:30:Infinity":5,"s:27:6:30:Infinity":6,"s:34:20:34:58":7,"b:35:4:39:Infinity:undefined:undefined:undefined:undefined":2,"s:35:4:39:Infinity":8,"s:36:6:39:Infinity":9,"s:43:17:43:37":10,"s:44:19:44:54":11,"b:46:4:50:Infinity:undefined:undefined:undefined:undefined":3,"s:46:4:50:Infinity":12,"s:47:6:50:Infinity":13,"s:53:18:53:Infinity":14,"s:54:59:54:61":15,"b:57:4:67:Infinity:undefined:undefined:undefined:undefined":4,"s:57:4:67:Infinity":16,"s:58:26:62:Infinity":17,"b:64:6:65:Infinity:undefined:undefined:undefined:undefined":5,"s:64:6:65:Infinity":18,"s:65:8:65:Infinity":19,"s:67:6:67:Infinity":20,"b:70:4:80:Infinity:undefined:undefined:undefined:undefined":6,"s:70:4:80:Infinity":21,"s:71:27:75:Infinity":22,"b:77:6:78:Infinity:undefined:undefined:undefined:undefined":7,"s:77:6:78:Infinity":23,"s:78:8:78:Infinity":24,"s:80:6:80:Infinity":25,"s:83:4:94:Infinity":26,"b:90:28:90:50:90:53:90:Infinity":8,"s:96:4:96:Infinity":27,"s:97:4:97:Infinity":28}}}
,"/Users/jdiaz/personal-dev/fitmetrik-web/src/domain/services/weightAverageService.ts": {"path":"/Users/jdiaz/personal-dev/fitmetrik-web/src/domain/services/weightAverageService.ts","statementMap":{"0":{"start":{"line":8,"column":2},"end":{"line":8,"column":null}},"1":{"start":{"line":12,"column":12},"end":{"line":12,"column":26}},"2":{"start":{"line":13,"column":2},"end":{"line":13,"column":null}},"3":{"start":{"line":14,"column":2},"end":{"line":14,"column":null}},"4":{"start":{"line":31,"column":2},"end":{"line":31,"column":null}},"5":{"start":{"line":31,"column":28},"end":{"line":31,"column":null}},"6":{"start":{"line":34,"column":17},"end":{"line":34,"column":42}},"7":{"start":{"line":35,"column":2},"end":{"line":37,"column":null}},"8":{"start":{"line":36,"column":16},"end":{"line":36,"column":37}},"9":{"start":{"line":37,"column":4},"end":{"line":37,"column":null}},"10":{"start":{"line":41,"column":27},"end":{"line":41,"column":29}},"11":{"start":{"line":42,"column":18},"end":{"line":42,"column":null}},"12":{"start":{"line":43,"column":16},"end":{"line":48,"column":null}},"13":{"start":{"line":50,"column":14},"end":{"line":55,"column":null}},"14":{"start":{"line":58,"column":2},"end":{"line":64,"column":null}},"15":{"start":{"line":59,"column":16},"end":{"line":59,"column":34}},"16":{"start":{"line":60,"column":4},"end":{"line":61,"column":null}},"17":{"start":{"line":61,"column":6},"end":{"line":61,"column":null}},"18":{"start":{"line":63,"column":4},"end":{"line":63,"column":null}},"19":{"start":{"line":64,"column":4},"end":{"line":64,"column":null}},"20":{"start":{"line":67,"column":2},"end":{"line":67,"column":null}},"21":{"start":{"line":67,"column":27},"end":{"line":67,"column":null}},"22":{"start":{"line":69,"column":14},"end":{"line":69,"column":51}},"23":{"start":{"line":69,"column":40},"end":{"line":69,"column":49}},"24":{"start":{"line":70,"column":2},"end":{"line":70,"column":null}},"25":{"start":{"line":84,"column":2},"end":{"line":85,"column":null}},"26":{"start":{"line":85,"column":4},"end":{"line":85,"column":null}},"27":{"start":{"line":88,"column":12},"end":{"line":88,"column":null}},"28":{"start":{"line":89,"column":12},"end":{"line":89,"column":null}},"29":{"start":{"line":90,"column":12},"end":{"line":90,"column":null}},"30":{"start":{"line":92,"column":2},"end":{"line":95,"column":null}},"31":{"start":{"line":93,"column":4},"end":{"line":93,"column":null}},"32":{"start":{"line":93,"column":28},"end":{"line":93,"column":null}},"33":{"start":{"line":94,"column":4},"end":{"line":94,"column":null}},"34":{"start":{"line":94,"column":28},"end":{"line":94,"column":null}},"35":{"start":{"line":95,"column":4},"end":{"line":95,"column":null}},"36":{"start":{"line":98,"column":2},"end":{"line":102,"column":null}}},"fnMap":{"0":{"name":"toDateKey","decl":{"start":{"line":7,"column":9},"end":{"line":7,"column":19}},"loc":{"start":{"line":7,"column":39},"end":{"line":8,"column":null}},"line":7},"1":{"name":"addDays","decl":{"start":{"line":11,"column":9},"end":{"line":11,"column":17}},"loc":{"start":{"line":11,"column":49},"end":{"line":14,"column":null}},"line":11},"2":{"name":"calculateWeeklyAverage","decl":{"start":{"line":26,"column":16},"end":{"line":26,"column":null}},"loc":{"start":{"line":30,"column":17},"end":{"line":70,"column":null}},"line":30},"3":{"name":"(anonymous_3)","decl":{"start":{"line":69,"column":21},"end":{"line":69,"column":29}},"loc":{"start":{"line":69,"column":40},"end":{"line":69,"column":49}},"line":69},"4":{"name":"getWeightMetrics","decl":{"start":{"line":83,"column":16},"end":{"line":83,"column":33}},"loc":{"start":{"line":83,"column":72},"end":{"line":102,"column":null}},"line":83}},"branchMap":{"0":{"loc":{"start":{"line":31,"column":2},"end":{"line":31,"column":null}},"type":"if","locations":[{"start":{"line":31,"column":2},"end":{"line":31,"column":null}},{"start":{},"end":{}}],"line":31},"1":{"loc":{"start":{"line":60,"column":4},"end":{"line":61,"column":null}},"type":"if","locations":[{"start":{"line":60,"column":4},"end":{"line":61,"column":null}},{"start":{},"end":{}}],"line":60},"2":{"loc":{"start":{"line":67,"column":2},"end":{"line":67,"column":null}},"type":"if","locations":[{"start":{"line":67,"column":2},"end":{"line":67,"column":null}},{"start":{},"end":{}}],"line":67},"3":{"loc":{"start":{"line":84,"column":2},"end":{"line":85,"column":null}},"type":"if","locations":[{"start":{"line":84,"column":2},"end":{"line":85,"column":null}},{"start":{},"end":{}}],"line":84},"4":{"loc":{"start":{"line":93,"column":4},"end":{"line":93,"column":null}},"type":"if","locations":[{"start":{"line":93,"column":4},"end":{"line":93,"column":null}},{"start":{},"end":{}}],"line":93},"5":{"loc":{"start":{"line":94,"column":4},"end":{"line":94,"column":null}},"type":"if","locations":[{"start":{"line":94,"column":4},"end":{"line":94,"column":null}},{"start":{},"end":{}}],"line":94}},"s":{"0":49,"1":35,"2":35,"3":35,"4":6,"5":1,"6":5,"7":5,"8":14,"9":14,"10":5,"11":5,"12":5,"13":5,"14":5,"15":35,"16":35,"17":12,"18":35,"19":35,"20":5,"21":0,"22":5,"23":35,"24":5,"25":3,"26":1,"27":2,"28":2,"29":2,"30":2,"31":4,"32":3,"33":4,"34":3,"35":4,"36":2},"f":{"0":49,"1":35,"2":6,"3":35,"4":3},"b":{"0":[1,5],"1":[12,23],"2":[0,5],"3":[1,2],"4":[3,1],"5":[3,1]},"meta":{"lastBranch":6,"lastFunction":5,"lastStatement":37,"seen":{"f:7:9:7:19":0,"s:8:2:8:Infinity":0,"f:11:9:11:17":1,"s:12:12:12:26":1,"s:13:2:13:Infinity":2,"s:14:2:14:Infinity":3,"f:26:16:26:Infinity":2,"b:31:2:31:Infinity:undefined:undefined:undefined:undefined":0,"s:31:2:31:Infinity":4,"s:31:28:31:Infinity":5,"s:34:17:34:42":6,"s:35:2:37:Infinity":7,"s:36:16:36:37":8,"s:37:4:37:Infinity":9,"s:41:27:41:29":10,"s:42:18:42:Infinity":11,"s:43:16:48:Infinity":12,"s:50:14:55:Infinity":13,"s:58:2:64:Infinity":14,"s:59:16:59:34":15,"b:60:4:61:Infinity:undefined:undefined:undefined:undefined":1,"s:60:4:61:Infinity":16,"s:61:6:61:Infinity":17,"s:63:4:63:Infinity":18,"s:64:4:64:Infinity":19,"b:67:2:67:Infinity:undefined:undefined:undefined:undefined":2,"s:67:2:67:Infinity":20,"s:67:27:67:Infinity":21,"s:69:14:69:51":22,"f:69:21:69:29":3,"s:69:40:69:49":23,"s:70:2:70:Infinity":24,"f:83:16:83:33":4,"b:84:2:85:Infinity:undefined:undefined:undefined:undefined":3,"s:84:2:85:Infinity":25,"s:85:4:85:Infinity":26,"s:88:12:88:Infinity":27,"s:89:12:89:Infinity":28,"s:90:12:90:Infinity":29,"s:92:2:95:Infinity":30,"b:93:4:93:Infinity:undefined:undefined:undefined:undefined":4,"s:93:4:93:Infinity":31,"s:93:28:93:Infinity":32,"b:94:4:94:Infinity:undefined:undefined:undefined:undefined":5,"s:94:4:94:Infinity":33,"s:94:28:94:Infinity":34,"s:95:4:95:Infinity":35,"s:98:2:102:Infinity":36}}}
,"/Users/jdiaz/personal-dev/fitmetrik-web/src/domain/types/DailyWeight.ts": {"path":"/Users/jdiaz/personal-dev/fitmetrik-web/src/domain/types/DailyWeight.ts","statementMap":{"0":{"start":{"line":3,"column":33},"end":{"line":10,"column":2}}},"fnMap":{},"branchMap":{},"s":{"0":1},"f":{},"b":{},"meta":{"lastBranch":0,"lastFunction":0,"lastStatement":1,"seen":{"s:3:33:10:2":0}}}
}
